TN:
SF:src/client.ts
FN:17,<instance_members_initializer>
FN:20,ReadMeABookClient
FN:25,request
FN:52,getHealth
FN:56,getVersion
FN:62,searchAudiobooks
FN:68,getAudiobook
FN:72,getPopularAudiobooks
FN:76,getNewReleases
FN:80,getAudiobookDownloadStatus
FN:84,searchTorrents
FN:93,searchAuthors
FN:97,getAuthor
FN:101,getAuthorBooks
FN:107,searchSeries
FN:111,getSeries
FN:117,getRequests
FN:121,createRequest
FN:128,getRequest
FN:132,deleteRequest
FN:136,manualSearchRequest
FN:140,selectTorrent
FN:149,getBookDateRecommendations
FN:153,generateBookDateRecommendations
FN:157,swipeBookDate
FN:164,undoBookDateSwipe
FN:170,getWatchedSeries
FN:174,watchSeries
FN:181,unwatchSeries
FN:185,getWatchedAuthors
FN:189,watchAuthor
FN:196,unwatchAuthor
FN:200,getIgnoredAudiobooks
FN:204,ignoreAudiobook
FN:211,unignoreAudiobook
FN:215,getApiTokens
FN:219,createApiToken
FN:226,deleteApiToken
FN:232,adminGetRequests
FN:237,adminGetPendingApproval
FN:241,adminApproveRequest
FN:248,adminRetryDownload
FN:254,adminGetUsers
FN:258,adminGetPendingUsers
FN:262,adminApproveUser
FN:266,adminUpdateUser
FN:273,adminDeleteUser
FN:279,adminGetJobs
FN:283,adminTriggerJob
FN:287,adminGetActiveDownloads
FN:291,adminGetLogs
FN:295,adminGetMetrics
FN:299,adminPlexScan
FN:305,adminGetReportedIssues
FN:309,adminResolveIssue
FN:313,adminReplaceIssue
FNF:56
FNH:56
FNDA:67,<instance_members_initializer>
FNDA:67,ReadMeABookClient
FNDA:67,request
FNDA:7,getHealth
FNDA:1,getVersion
FNDA:2,searchAudiobooks
FNDA:1,getAudiobook
FNDA:1,getPopularAudiobooks
FNDA:1,getNewReleases
FNDA:1,getAudiobookDownloadStatus
FNDA:1,searchTorrents
FNDA:1,searchAuthors
FNDA:1,getAuthor
FNDA:1,getAuthorBooks
FNDA:1,searchSeries
FNDA:1,getSeries
FNDA:1,getRequests
FNDA:2,createRequest
FNDA:1,getRequest
FNDA:1,deleteRequest
FNDA:1,manualSearchRequest
FNDA:1,selectTorrent
FNDA:1,getBookDateRecommendations
FNDA:1,generateBookDateRecommendations
FNDA:4,swipeBookDate
FNDA:1,undoBookDateSwipe
FNDA:1,getWatchedSeries
FNDA:1,watchSeries
FNDA:1,unwatchSeries
FNDA:1,getWatchedAuthors
FNDA:1,watchAuthor
FNDA:1,unwatchAuthor
FNDA:1,getIgnoredAudiobooks
FNDA:1,ignoreAudiobook
FNDA:1,unignoreAudiobook
FNDA:1,getApiTokens
FNDA:2,createApiToken
FNDA:1,deleteApiToken
FNDA:2,adminGetRequests
FNDA:1,adminGetPendingApproval
FNDA:2,adminApproveRequest
FNDA:1,adminRetryDownload
FNDA:1,adminGetUsers
FNDA:1,adminGetPendingUsers
FNDA:1,adminApproveUser
FNDA:1,adminUpdateUser
FNDA:1,adminDeleteUser
FNDA:1,adminGetJobs
FNDA:1,adminTriggerJob
FNDA:1,adminGetActiveDownloads
FNDA:1,adminGetLogs
FNDA:1,adminGetMetrics
FNDA:1,adminPlexScan
FNDA:1,adminGetReportedIssues
FNDA:1,adminResolveIssue
FNDA:1,adminReplaceIssue
DA:16,1
DA:17,1
DA:18,67
DA:20,1
DA:21,67
DA:22,67
DA:23,67
DA:25,1
DA:26,67
DA:27,67
DA:28,67
DA:29,67
DA:30,67
DA:31,67
DA:32,67
DA:33,67
DA:34,67
DA:36,67
DA:37,4
DA:38,4
DA:39,4
DA:40,4
DA:41,4
DA:43,1
DA:44,4
DA:45,4
DA:47,63
DA:48,67
DA:52,1
DA:53,7
DA:54,7
DA:56,1
DA:57,1
DA:58,1
DA:62,1
DA:63,2
DA:64,2
DA:65,2
DA:66,2
DA:68,1
DA:69,1
DA:70,1
DA:72,1
DA:73,1
DA:74,1
DA:76,1
DA:77,1
DA:78,1
DA:80,1
DA:81,1
DA:82,1
DA:84,1
DA:85,1
DA:86,1
DA:87,1
DA:88,1
DA:89,1
DA:93,1
DA:94,1
DA:95,1
DA:97,1
DA:98,1
DA:99,1
DA:101,1
DA:102,1
DA:103,1
DA:107,1
DA:108,1
DA:109,1
DA:111,1
DA:112,1
DA:113,1
DA:117,1
DA:118,1
DA:119,1
DA:121,1
DA:122,2
DA:123,2
DA:124,2
DA:125,2
DA:126,2
DA:128,1
DA:129,1
DA:130,1
DA:132,1
DA:133,1
DA:134,1
DA:136,1
DA:137,1
DA:138,1
DA:140,1
DA:141,1
DA:142,1
DA:143,1
DA:144,1
DA:145,1
DA:149,1
DA:150,1
DA:151,1
DA:153,1
DA:154,1
DA:155,1
DA:157,1
DA:158,4
DA:159,4
DA:160,4
DA:161,4
DA:162,4
DA:164,1
DA:165,1
DA:166,1
DA:170,1
DA:171,1
DA:172,1
DA:174,1
DA:175,1
DA:176,1
DA:177,1
DA:178,1
DA:179,1
DA:181,1
DA:182,1
DA:183,1
DA:185,1
DA:186,1
DA:187,1
DA:189,1
DA:190,1
DA:191,1
DA:192,1
DA:193,1
DA:194,1
DA:196,1
DA:197,1
DA:198,1
DA:200,1
DA:201,1
DA:202,1
DA:204,1
DA:205,1
DA:206,1
DA:207,1
DA:208,1
DA:209,1
DA:211,1
DA:212,1
DA:213,1
DA:215,1
DA:216,1
DA:217,1
DA:219,1
DA:220,2
DA:221,2
DA:222,2
DA:223,2
DA:224,2
DA:226,1
DA:227,1
DA:228,1
DA:232,1
DA:233,2
DA:234,2
DA:235,2
DA:237,1
DA:238,1
DA:239,1
DA:241,1
DA:242,2
DA:243,2
DA:244,2
DA:245,2
DA:246,2
DA:248,1
DA:249,1
DA:250,1
DA:254,1
DA:255,1
DA:256,1
DA:258,1
DA:259,1
DA:260,1
DA:262,1
DA:263,1
DA:264,1
DA:266,1
DA:267,1
DA:268,1
DA:269,1
DA:270,1
DA:271,1
DA:273,1
DA:274,1
DA:275,1
DA:279,1
DA:280,1
DA:281,1
DA:283,1
DA:284,1
DA:285,1
DA:287,1
DA:288,1
DA:289,1
DA:291,1
DA:292,1
DA:293,1
DA:295,1
DA:296,1
DA:297,1
DA:299,1
DA:300,1
DA:301,1
DA:305,1
DA:306,1
DA:307,1
DA:309,1
DA:310,1
DA:311,1
DA:313,1
DA:314,1
DA:315,1
DA:316,1
LF:221
LH:221
BRDA:17,0,0,67
BRDA:20,1,0,67
BRDA:25,2,0,67
BRDA:36,3,0,4
BRDA:39,4,0,3
BRDA:40,5,0,2
BRDA:40,6,0,1
BRDA:41,7,0,1
BRDA:45,8,0,63
BRDA:52,9,0,7
BRDA:56,10,0,1
BRDA:62,11,0,2
BRDA:68,12,0,1
BRDA:72,13,0,1
BRDA:76,14,0,1
BRDA:80,15,0,1
BRDA:84,16,0,1
BRDA:93,17,0,1
BRDA:97,18,0,1
BRDA:101,19,0,1
BRDA:107,20,0,1
BRDA:111,21,0,1
BRDA:117,22,0,1
BRDA:121,23,0,2
BRDA:128,24,0,1
BRDA:132,25,0,1
BRDA:136,26,0,1
BRDA:140,27,0,1
BRDA:149,28,0,1
BRDA:153,29,0,1
BRDA:157,30,0,4
BRDA:164,31,0,1
BRDA:170,32,0,1
BRDA:174,33,0,1
BRDA:181,34,0,1
BRDA:185,35,0,1
BRDA:189,36,0,1
BRDA:196,37,0,1
BRDA:200,38,0,1
BRDA:204,39,0,1
BRDA:211,40,0,1
BRDA:215,41,0,1
BRDA:219,42,0,2
BRDA:226,43,0,1
BRDA:232,44,0,2
BRDA:233,45,0,1
BRDA:233,46,0,1
BRDA:237,47,0,1
BRDA:241,48,0,2
BRDA:248,49,0,1
BRDA:254,50,0,1
BRDA:258,51,0,1
BRDA:262,52,0,1
BRDA:266,53,0,1
BRDA:273,54,0,1
BRDA:279,55,0,1
BRDA:283,56,0,1
BRDA:287,57,0,1
BRDA:291,58,0,1
BRDA:295,59,0,1
BRDA:299,60,0,1
BRDA:305,61,0,1
BRDA:309,62,0,1
BRDA:313,63,0,1
BRF:64
BRH:64
end_of_record
TN:
SF:src/tools.ts
FN:14,str
FN:18,optBool
FN:46,health_check
FN:47,get_version
FN:50,search_audiobooks
FN:52,get_audiobook
FN:53,get_popular_audiobooks
FN:54,get_new_releases
FN:58,get_requests
FN:59,create_request
FN:61,delete_request
FN:62,manual_search_request
FN:63,search_torrents
FN:65,select_torrent
FN:69,admin_get_metrics
FN:70,admin_get_active_downloads
FNF:16
FNH:16
FNDA:12,str
FNDA:2,optBool
FNDA:1,health_check
FNDA:1,get_version
FNDA:2,search_audiobooks
FNDA:1,get_audiobook
FNDA:1,get_popular_audiobooks
FNDA:1,get_new_releases
FNDA:1,get_requests
FNDA:2,create_request
FNDA:1,delete_request
FNDA:1,manual_search_request
FNDA:1,search_torrents
FNDA:1,select_torrent
FNDA:1,admin_get_metrics
FNDA:1,admin_get_active_downloads
DA:14,12
DA:15,12
DA:16,12
DA:18,2
DA:19,2
DA:20,2
DA:44,1
DA:46,1
DA:47,1
DA:50,1
DA:51,2
DA:52,1
DA:53,1
DA:54,1
DA:58,1
DA:59,1
DA:60,2
DA:61,1
DA:62,1
DA:63,1
DA:64,1
DA:65,1
DA:66,1
DA:69,1
DA:70,1
DA:71,1
DA:77,1
DA:80,1
DA:81,1
DA:82,1
DA:83,1
DA:84,1
DA:85,1
DA:86,1
DA:87,1
DA:88,1
DA:89,1
DA:90,1
DA:91,1
DA:95,1
DA:96,1
DA:97,1
DA:98,1
DA:104,1
DA:105,1
DA:106,1
DA:107,1
DA:108,1
DA:109,1
DA:110,1
DA:111,1
DA:112,1
DA:113,1
DA:114,1
DA:115,1
DA:116,1
DA:117,1
DA:118,1
DA:119,1
DA:120,1
DA:121,1
DA:122,1
DA:126,1
DA:127,1
DA:128,1
DA:129,1
DA:130,1
DA:131,1
DA:132,1
DA:133,1
DA:134,1
DA:135,1
DA:136,1
DA:137,1
DA:138,1
DA:139,1
DA:140,1
DA:144,1
DA:145,1
DA:146,1
DA:147,1
DA:148,1
DA:149,1
DA:152,1
DA:153,1
DA:157,1
DA:158,1
DA:159,1
DA:160,1
DA:165,1
DA:166,1
DA:167,1
DA:168,1
DA:169,1
DA:170,1
DA:175,1
DA:176,1
DA:177,1
DA:178,1
DA:179,1
DA:180,1
DA:181,1
DA:182,1
DA:183,1
DA:184,1
DA:185,1
DA:187,1
DA:188,1
DA:189,1
DA:190,1
DA:191,1
DA:192,1
DA:193,1
DA:194,1
DA:195,1
DA:197,1
DA:198,1
DA:199,1
DA:200,1
DA:201,1
DA:202,1
DA:203,1
DA:204,1
DA:205,1
DA:206,1
DA:207,1
DA:208,1
DA:209,1
DA:210,1
DA:211,1
DA:215,1
DA:216,1
DA:217,1
DA:218,1
DA:219,1
DA:220,1
DA:221,1
DA:222,1
DA:223,1
DA:224,1
DA:225,1
DA:226,1
DA:227,1
DA:228,1
DA:229,1
DA:234,1
DA:235,1
DA:236,1
DA:237,1
DA:238,1
DA:239,1
DA:240,1
DA:241,1
DA:242,1
DA:243,1
DA:244,1
DA:245,1
DA:246,1
DA:247,1
DA:248,1
DA:249,1
DA:250,1
DA:251,1
DA:252,1
DA:253,1
DA:254,1
DA:255,1
DA:256,1
DA:259,1
DA:260,1
DA:261,1
DA:262,1
DA:263,1
DA:264,1
DA:265,1
DA:266,1
DA:267,1
DA:268,1
DA:269,1
DA:270,1
DA:271,1
DA:272,1
DA:273,1
DA:277,1
DA:278,1
DA:279,1
DA:280,1
DA:283,1
DA:284,1
DA:285,1
DA:286,1
DA:287,1
DA:288,1
DA:291,1
DA:292,1
DA:293,1
LF:196
LH:196
BRDA:14,0,0,12
BRDA:18,1,0,2
BRDA:46,2,0,1
BRDA:47,3,0,1
BRDA:50,4,0,2
BRDA:51,5,0,1
BRDA:52,6,0,1
BRDA:53,7,0,1
BRDA:54,8,0,1
BRDA:58,9,0,1
BRDA:59,10,0,2
BRDA:60,11,0,1
BRDA:61,12,0,1
BRDA:62,13,0,1
BRDA:63,14,0,1
BRDA:65,15,0,1
BRDA:69,16,0,1
BRDA:70,17,0,1
BRF:18
BRH:18
end_of_record
TN:
SF:src/types.ts
FN:1,(empty-report)
FNF:1
FNH:1
FNDA:1,(empty-report)
LF:0
LH:0
BRDA:1,0,0,1
BRF:1
BRH:1
end_of_record
